Arguments: 
  /Users/vahan/.nvm/versions/node/v10.8.0/bin/node /usr/local/Cellar/yarn/1.9.4/libexec/bin/yarn.js add express

PATH: 
  /Users/vahan/.nvm/versions/node/v10.8.0/bin:/Users/vahan/bin:/usr/local/bin:/usr/local/bin:/usr/bin:/bin:/usr/sbin:/sbin:/Users/vahan/lib/packer-0.10.1

Yarn version: 
  1.9.4

Node version: 
  10.8.0

Platform: 
  darwin x64

Trace: 
  Error: getaddrinfo ENOTFOUND npm.smartsparrow.com npm.smartsparrow.com:443
      at GetAddrInfoReqWrap.onlookup [as oncomplete] (dns.js:56:26)

npm manifest: 
  {
    "name": "xcloud",
    "version": "1.0.0",
    "description": "Test task for xcloud networks",
    "main": "server/index.js",
    "scripts": {
      "test": "echo \"Error: no test specified\" && exit 1"
    },
    "author": "Vahan Asryan",
    "license": "ISC"
  }

yarn manifest: 
  No manifest

Lockfile: 
  # THIS IS AN AUTOGENERATED FILE. DO NOT EDIT THIS FILE DIRECTLY.
  # yarn lockfile v1
